<?xml version="1.0" encoding="UTF-8"?>
<!-- Generated by org.testng.reporters.JUnitReportReporter -->
<testsuite hostname="LAPTOP-F0FTMUEP" failures="0" tests="3" name="com.app.testng.DataProvide" time="13.332" errors="0" timestamp="2025-06-04T18:25:30 IST" skipped="0">
  <testcase classname="com.app.testng.DataProvide" name="loginvalidate" time="3.302"/>
  <testcase classname="com.app.testng.DataProvide" name="loginvalidate" time="5.179"/>
  <testcase classname="com.app.testng.DataProvide" name="loginvalidate" time="4.851"/>
</testsuite> <!-- com.app.testng.DataProvide -->
