<?xml version="1.0" encoding="UTF-8"?>
<!-- Generated by org.testng.reporters.JUnitReportReporter -->
<testsuite hostname="DESKTOP-6J8TP4T" failures="0" tests="1" name="com.app.testng.Test1" time="0.008" errors="0" timestamp="2025-05-30T06:40:41 IST" skipped="0">
  <testcase classname="com.app.testng.Test1" name="user" time="0.008"/>
</testsuite> <!-- com.app.testng.Test1 -->
