<?xml version="1.0" encoding="UTF-8"?>
<!-- Generated by org.testng.reporters.JUnitReportReporter -->
<testsuite hostname="DESKTOP-6J8TP4T" failures="0" tests="4" name="com.app.testng.Test2" time="0.068" errors="0" timestamp="2025-05-30T06:40:41 IST" skipped="2">
  <testcase classname="com.app.testng.Test2" name="test6" time="0.013"/>
  <testcase classname="com.app.testng.Test2" name="test5" time="0.055"/>
  <testcase classname="com.app.testng.Test2" name="test1">
    <skipped/>
  </testcase> <!-- test1 -->
  <testcase classname="com.app.testng.Test2" name="test3">
    <skipped/>
  </testcase> <!-- test3 -->
</testsuite> <!-- com.app.testng.Test2 -->
