<?xml version="1.0" encoding="UTF-8"?>
<!-- Generated by org.testng.reporters.JUnitReportReporter -->
<testsuite hostname="DESKTOP-6J8TP4T" failures="0" tests="2" name="com.app.testng.Test3" time="0.676" errors="0" timestamp="2025-05-30T06:40:41 IST" skipped="0">
  <testcase classname="com.app.testng.Test3" name="test4" time="0.018"/>
  <testcase classname="com.app.testng.Test3" name="test7" time="0.658"/>
</testsuite> <!-- com.app.testng.Test3 -->
