<?xml version="1.0" encoding="UTF-8"?>
<!-- Generated by org.testng.reporters.JUnitReportReporter -->
<testsuite hostname="DESKTOP-6J8TP4T" failures="0" tests="2" name="com.app.testng.Sample1" time="0.031" errors="0" timestamp="2025-05-28T06:50:11 IST" skipped="0">
  <testcase classname="com.app.testng.Sample1" name="test1" time="0.014"/>
  <testcase classname="com.app.testng.Sample1" name="test2" time="0.017"/>
</testsuite> <!-- com.app.testng.Sample1 -->
